  test.cpp
D:\DevelopTools\CODEFILE\C-test-git\C-Test\23-04-11-Test\23-04-11-Test\test.cpp(41,9): error C2065: “arr1”: 未声明的标识符
D:\DevelopTools\CODEFILE\C-test-git\C-Test\23-04-11-Test\23-04-11-Test\test.cpp(41,15): error C2065: “arr2”: 未声明的标识符
